<?xml version="1.0" encoding="UTF-8"?>
<!-- Generated by org.testng.reporters.JUnitXMLReporter -->
<testsuite ignored="0" hostname="DESKTOP-8IDA3IV" failures="0" tests="6" name="Default test" time="260.616" errors="0" timestamp="2022-04-26T07:07:42 IST">
  <testcase classname="kapsons.Kapsons_FiveModules" name="Fivemodules" time="21.334"/>
  <testcase classname="kapsons.Kapsons_FiveModules" name="smokeTesting" time="38.916"/>
  <testcase classname="kapsons.Kapsons_FiveModules" name="moduleTwo" time="29.604"/>
  <testcase classname="kapsons.Kapsons_FiveModules" name="moduleThree" time="24.745"/>
  <testcase classname="kapsons.Kapsons_FiveModules" name="moduleFour" time="17.006"/>
  <testcase classname="kapsons.Kapsons_FiveModules" name="modulesFive" time="91.937"/>
</testsuite> <!-- Default test -->
