<?xml version="1.0" encoding="UTF-8"?>
<testng-results ignored="0" total="6" passed="6" failed="0" skipped="0">
  <reporter-output>
  </reporter-output>
  <suite started-at="2022-04-26T07:03:21 IST" name="Default suite" finished-at="2022-04-26T07:07:42 IST" duration-ms="260616">
    <groups>
    </groups>
    <test started-at="2022-04-26T07:03:21 IST" name="Default test" finished-at="2022-04-26T07:07:42 IST" duration-ms="260616">
      <class name="kapsons.Kapsons_FiveModules">
        <test-method is-config="true" signature="beforeTest()[pri:0, instance:kapsons.Kapsons_FiveModules@73e9cf30]" started-at="2022-04-26T07:03:21 IST" name="beforeTest" finished-at="2022-04-26T07:03:54 IST" duration-ms="32335" status="PASS">
          <reporter-output>
          </reporter-output>
        </test-method> <!-- beforeTest -->
        <test-method signature="Fivemodules()[pri:0, instance:kapsons.Kapsons_FiveModules@73e9cf30]" started-at="2022-04-26T07:03:54 IST" name="Fivemodules" finished-at="2022-04-26T07:04:15 IST" duration-ms="21334" status="PASS">
          <reporter-output>
          </reporter-output>
        </test-method> <!-- Fivemodules -->
        <test-method signature="smokeTesting()[pri:0, instance:kapsons.Kapsons_FiveModules@73e9cf30]" started-at="2022-04-26T07:04:15 IST" name="smokeTesting" finished-at="2022-04-26T07:04:54 IST" duration-ms="38916" status="PASS">
          <reporter-output>
          </reporter-output>
        </test-method> <!-- smokeTesting -->
        <test-method signature="moduleTwo()[pri:2, instance:kapsons.Kapsons_FiveModules@73e9cf30]" started-at="2022-04-26T07:04:54 IST" name="moduleTwo" finished-at="2022-04-26T07:05:23 IST" duration-ms="29604" status="PASS">
          <reporter-output>
          </reporter-output>
        </test-method> <!-- moduleTwo -->
        <test-method signature="moduleThree()[pri:3, instance:kapsons.Kapsons_FiveModules@73e9cf30]" started-at="2022-04-26T07:05:23 IST" name="moduleThree" finished-at="2022-04-26T07:05:48 IST" duration-ms="24745" status="PASS">
          <reporter-output>
          </reporter-output>
        </test-method> <!-- moduleThree -->
        <test-method signature="moduleFour()[pri:4, instance:kapsons.Kapsons_FiveModules@73e9cf30]" started-at="2022-04-26T07:05:48 IST" name="moduleFour" finished-at="2022-04-26T07:06:05 IST" duration-ms="17006" status="PASS">
          <reporter-output>
          </reporter-output>
        </test-method> <!-- moduleFour -->
        <test-method signature="modulesFive()[pri:5, instance:kapsons.Kapsons_FiveModules@73e9cf30]" started-at="2022-04-26T07:06:05 IST" name="modulesFive" finished-at="2022-04-26T07:07:37 IST" duration-ms="91937" status="PASS">
          <reporter-output>
          </reporter-output>
        </test-method> <!-- modulesFive -->
        <test-method is-config="true" signature="afterTest()[pri:0, instance:kapsons.Kapsons_FiveModules@73e9cf30]" started-at="2022-04-26T07:07:37 IST" name="afterTest" finished-at="2022-04-26T07:07:42 IST" duration-ms="4673" status="PASS">
          <reporter-output>
          </reporter-output>
        </test-method> <!-- afterTest -->
      </class> <!-- kapsons.Kapsons_FiveModules -->
    </test> <!-- Default test -->
  </suite> <!-- Default suite -->
</testng-results>
